<?xml version="1.0" encoding="UTF-8"?>
<!-- Generated by org.testng.reporters.JUnitReportReporter -->
<testsuite hostname="DESKTOP-UPP16CF" name="MiniFramework.TestCases" tests="2" failures="0" timestamp="23 Dec 2019 03:59:29 GMT" time="55.450" errors="0">
  <testcase name="TC01_VerifyLeavesStatus" time="33.814" classname="MiniFramework.TestCases"/>
  <testcase name="TC02_CancelLeavesStatusSpecifiedDate" time="21.636" classname="MiniFramework.TestCases"/>
</testsuite> <!-- MiniFramework.TestCases -->
