<?xml version="1.0" encoding="UTF-8"?>
<!-- Generated by org.testng.reporters.JUnitReportReporter -->
<testsuite hostname="DESKTOP-UPP16CF" name="pack1.TestNgPractice" tests="2" failures="0" timestamp="25 Dec 2019 04:22:57 GMT" time="0.016" errors="0">
  <testcase name="m2" time="0.000" classname="pack1.TestNgPractice"/>
  <testcase name="m1" time="0.016" classname="pack1.TestNgPractice"/>
</testsuite> <!-- pack1.TestNgPractice -->
